<?xml version="1.0" encoding="UTF-8"?>
<!-- Generated by org.testng.reporters.JUnitReportReporter -->
<testsuite hostname="DESKTOP-DHRGH0N" failures="0" tests="1" name="curatest" time="37.299" errors="0" timestamp="2024-06-04T13:22:40 IST" skipped="0">
  <testcase classname="curatest" name="openwebsite" time="37.299"/>
</testsuite> <!-- curatest -->
